[INFO  - 2019-09-01T05:34:58.189Z] GhostDriver - Main - running on port 13888
[INFO  - 2019-09-01T05:34:59.190Z] Session [3cee7e10-cc7a-11e9-9470-030665cd86b7] - page.settings - {"XSSAuditingEnabled":false,"javascriptCanCloseWindows":true,"javascriptCanOpenWindows":true,"javascriptEnabled":true,"loadImages":true,"localToRemoteUrlAccessEnabled":false,"userAgent":"Mozilla/5.0 (Windows NT 6.2; WOW64) AppleWebKit/538.1 (KHTML, like Gecko) PhantomJS/2.1.1 Safari/538.1","webSecurityEnabled":true}
[INFO  - 2019-09-01T05:34:59.190Z] Session [3cee7e10-cc7a-11e9-9470-030665cd86b7] - page.customHeaders:  - {}
[INFO  - 2019-09-01T05:34:59.190Z] Session [3cee7e10-cc7a-11e9-9470-030665cd86b7] - Session.negotiatedCapabilities - {"browserName":"phantomjs","version":"2.1.1","driverName":"ghostdriver","driverVersion":"1.2.0","platform":"windows-10-32bit","javascriptEnabled":true,"takesScreenshot":true,"handlesAlerts":false,"databaseEnabled":false,"locationContextEnabled":false,"applicationCacheEnabled":false,"browserConnectionEnabled":false,"cssSelectorsEnabled":true,"webStorageEnabled":false,"rotatable":false,"acceptSslCerts":false,"nativeEvents":true,"proxy":{"proxyType":"direct"}}
[INFO  - 2019-09-01T05:34:59.191Z] SessionManagerReqHand - _postNewSessionCommand - New Session Created: 3cee7e10-cc7a-11e9-9470-030665cd86b7
[INFO  - 2019-09-01T05:35:02.717Z] ShutdownReqHand - _handle - About to shutdown
[INFO  - 2019-09-01T05:45:13.737Z] GhostDriver - Main - running on port 15574
[INFO  - 2019-09-01T05:45:14.728Z] Session [abd1fc20-cc7b-11e9-99ea-af9bfbe99580] - page.settings - {"XSSAuditingEnabled":false,"javascriptCanCloseWindows":true,"javascriptCanOpenWindows":true,"javascriptEnabled":true,"loadImages":true,"localToRemoteUrlAccessEnabled":false,"userAgent":"Mozilla/5.0 (Windows NT 6.2; WOW64) AppleWebKit/538.1 (KHTML, like Gecko) PhantomJS/2.1.1 Safari/538.1","webSecurityEnabled":true}
[INFO  - 2019-09-01T05:45:14.728Z] Session [abd1fc20-cc7b-11e9-99ea-af9bfbe99580] - page.customHeaders:  - {}
[INFO  - 2019-09-01T05:45:14.728Z] Session [abd1fc20-cc7b-11e9-99ea-af9bfbe99580] - Session.negotiatedCapabilities - {"browserName":"phantomjs","version":"2.1.1","driverName":"ghostdriver","driverVersion":"1.2.0","platform":"windows-10-32bit","javascriptEnabled":true,"takesScreenshot":true,"handlesAlerts":false,"databaseEnabled":false,"locationContextEnabled":false,"applicationCacheEnabled":false,"browserConnectionEnabled":false,"cssSelectorsEnabled":true,"webStorageEnabled":false,"rotatable":false,"acceptSslCerts":false,"nativeEvents":true,"proxy":{"proxyType":"direct"}}
[INFO  - 2019-09-01T05:45:14.728Z] SessionManagerReqHand - _postNewSessionCommand - New Session Created: abd1fc20-cc7b-11e9-99ea-af9bfbe99580
[ERROR - 2019-09-01T05:45:15.710Z] Session [abd1fc20-cc7b-11e9-99ea-af9bfbe99580] - page.onError - msg: ReferenceError: Can't find variable: c
[ERROR - 2019-09-01T05:45:15.710Z] Session [abd1fc20-cc7b-11e9-99ea-af9bfbe99580] - page.onError - stack:
  sendLog (https://ss1.bdstatic.com/5eN1bjq8AAUYm2zgoY3K/r/www/cache/static/protocol/https/plugins/every_cookie_4644b13.js:4)
  (anonymous function) (https://ss1.bdstatic.com/5eN1bjq8AAUYm2zgoY3K/r/www/cache/static/protocol/https/plugins/every_cookie_4644b13.js:5)
[INFO  - 2019-09-01T05:45:31.334Z] ShutdownReqHand - _handle - About to shutdown
[INFO  - 2019-09-01T05:46:21.488Z] GhostDriver - Main - running on port 33223
[INFO  - 2019-09-01T05:46:21.779Z] Session [d3c94ee0-cc7b-11e9-88b7-61156b1de3eb] - page.settings - {"XSSAuditingEnabled":false,"javascriptCanCloseWindows":true,"javascriptCanOpenWindows":true,"javascriptEnabled":true,"loadImages":true,"localToRemoteUrlAccessEnabled":false,"userAgent":"Mozilla/5.0 (Windows NT 6.2; WOW64) AppleWebKit/538.1 (KHTML, like Gecko) PhantomJS/2.1.1 Safari/538.1","webSecurityEnabled":true}
[INFO  - 2019-09-01T05:46:21.779Z] Session [d3c94ee0-cc7b-11e9-88b7-61156b1de3eb] - page.customHeaders:  - {}
[INFO  - 2019-09-01T05:46:21.779Z] Session [d3c94ee0-cc7b-11e9-88b7-61156b1de3eb] - Session.negotiatedCapabilities - {"browserName":"phantomjs","version":"2.1.1","driverName":"ghostdriver","driverVersion":"1.2.0","platform":"windows-10-32bit","javascriptEnabled":true,"takesScreenshot":true,"handlesAlerts":false,"databaseEnabled":false,"locationContextEnabled":false,"applicationCacheEnabled":false,"browserConnectionEnabled":false,"cssSelectorsEnabled":true,"webStorageEnabled":false,"rotatable":false,"acceptSslCerts":false,"nativeEvents":true,"proxy":{"proxyType":"direct"}}
[INFO  - 2019-09-01T05:46:21.779Z] SessionManagerReqHand - _postNewSessionCommand - New Session Created: d3c94ee0-cc7b-11e9-88b7-61156b1de3eb
[INFO  - 2019-09-01T05:46:37.968Z] ShutdownReqHand - _handle - About to shutdown
[INFO  - 2019-09-01T05:53:46.143Z] GhostDriver - Main - running on port 11141
[INFO  - 2019-09-01T05:53:47.157Z] Session [dd409900-cc7c-11e9-b956-4337ce52cded] - page.settings - {"XSSAuditingEnabled":false,"javascriptCanCloseWindows":true,"javascriptCanOpenWindows":true,"javascriptEnabled":true,"loadImages":true,"localToRemoteUrlAccessEnabled":false,"userAgent":"Mozilla/5.0 (Windows NT 6.2; WOW64) AppleWebKit/538.1 (KHTML, like Gecko) PhantomJS/2.1.1 Safari/538.1","webSecurityEnabled":true}
[INFO  - 2019-09-01T05:53:47.157Z] Session [dd409900-cc7c-11e9-b956-4337ce52cded] - page.customHeaders:  - {}
[INFO  - 2019-09-01T05:53:47.157Z] Session [dd409900-cc7c-11e9-b956-4337ce52cded] - Session.negotiatedCapabilities - {"browserName":"phantomjs","version":"2.1.1","driverName":"ghostdriver","driverVersion":"1.2.0","platform":"windows-10-32bit","javascriptEnabled":true,"takesScreenshot":true,"handlesAlerts":false,"databaseEnabled":false,"locationContextEnabled":false,"applicationCacheEnabled":false,"browserConnectionEnabled":false,"cssSelectorsEnabled":true,"webStorageEnabled":false,"rotatable":false,"acceptSslCerts":false,"nativeEvents":true,"proxy":{"proxyType":"direct"}}
[INFO  - 2019-09-01T05:53:47.158Z] SessionManagerReqHand - _postNewSessionCommand - New Session Created: dd409900-cc7c-11e9-b956-4337ce52cded
[INFO  - 2019-09-01T05:54:04.213Z] ShutdownReqHand - _handle - About to shutdown
